<?xml version="1.0" encoding="UTF-8"?>
<coverage generated="1660932801546" clover="3.2.0">
  <project timestamp="1660932801547" name="All files">
    <metrics statements="68" coveredstatements="57" conditionals="20" coveredconditionals="14" methods="17" coveredmethods="15" elements="105" coveredelements="86" complexity="0" loc="68" ncloc="68" packages="1" files="1" classes="1"/>
    <file name="json-c.ts" path="C:\SoftwareStuff\Projects\json-compressor\src\json-c.ts">
      <metrics statements="68" coveredstatements="57" conditionals="20" coveredconditionals="14" methods="17" coveredmethods="15"/>
      <line num="5" count="1" type="stmt"/>
      <line num="12" count="1" type="stmt"/>
      <line num="13" count="1" type="stmt"/>
      <line num="27" count="1" type="stmt"/>
      <line num="28" count="9" type="stmt"/>
      <line num="34" count="14" type="stmt"/>
      <line num="40" count="14" type="stmt"/>
      <line num="44" count="14" type="cond" truecount="2" falsecount="0"/>
      <line num="45" count="4" type="stmt"/>
      <line num="47" count="10" type="stmt"/>
      <line num="51" count="1" type="stmt"/>
      <line num="52" count="1022" type="stmt"/>
      <line num="58" count="1" type="stmt"/>
      <line num="59" count="1022" type="cond" truecount="1" falsecount="0"/>
      <line num="60" count="1" type="stmt"/>
      <line num="64" count="1021" type="stmt"/>
      <line num="67" count="1021" type="stmt"/>
      <line num="73" count="1" type="stmt"/>
      <line num="75" count="1019" type="stmt"/>
      <line num="76" count="1019" type="stmt"/>
      <line num="79" count="1019" type="cond" truecount="2" falsecount="0"/>
      <line num="80" count="1015" type="stmt"/>
      <line num="82" count="4" type="stmt"/>
      <line num="89" count="1" type="stmt"/>
      <line num="90" count="7" type="cond" truecount="0" falsecount="1"/>
      <line num="91" count="0" type="stmt"/>
      <line num="93" count="7" type="stmt"/>
      <line num="99" count="1" type="stmt"/>
      <line num="100" count="0" type="cond" truecount="0" falsecount="2"/>
      <line num="105" count="0" type="stmt"/>
      <line num="106" count="0" type="cond" truecount="0" falsecount="1"/>
      <line num="108" count="0" type="stmt"/>
      <line num="112" count="0" type="stmt"/>
      <line num="122" count="1" type="stmt"/>
      <line num="123" count="1027" type="cond" truecount="4" falsecount="0"/>
      <line num="129" count="1" type="stmt"/>
      <line num="130" count="2040" type="stmt"/>
      <line num="131" count="2040" type="cond" truecount="1" falsecount="0"/>
      <line num="132" count="1016" type="stmt"/>
      <line num="133" count="1016" type="stmt"/>
      <line num="135" count="2040" type="stmt"/>
      <line num="138" count="1" type="stmt"/>
      <line num="140" count="1016" type="stmt"/>
      <line num="141" count="1016" type="stmt"/>
      <line num="144" count="1016" type="cond" truecount="1" falsecount="0"/>
      <line num="145" count="8" type="stmt"/>
      <line num="151" count="1008" type="stmt"/>
      <line num="152" count="1954" type="stmt"/>
      <line num="153" count="1954" type="cond" truecount="1" falsecount="0"/>
      <line num="154" count="1004" type="stmt"/>
      <line num="156" count="1004" type="stmt"/>
      <line num="160" count="4" type="stmt"/>
      <line num="168" count="4" type="stmt"/>
      <line num="169" count="4" type="stmt"/>
      <line num="170" count="4" type="stmt"/>
      <line num="171" count="4" type="cond" truecount="1" falsecount="1"/>
      <line num="172" count="4" type="stmt"/>
      <line num="174" count="0" type="stmt"/>
      <line num="175" count="0" type="stmt"/>
      <line num="176" count="0" type="stmt"/>
      <line num="184" count="10" type="stmt"/>
      <line num="185" count="10" type="stmt"/>
      <line num="186" count="4" type="stmt"/>
      <line num="187" count="4" type="cond" truecount="1" falsecount="1"/>
      <line num="188" count="4" type="stmt"/>
      <line num="190" count="0" type="stmt"/>
      <line num="191" count="0" type="stmt"/>
      <line num="195" count="1" type="stmt"/>
    </file>
  </project>
</coverage>
