{"C:\\SoftwareStuff\\Projects\\json-compressor\\src\\json-c.ts": {"path":"C:\\SoftwareStuff\\Projects\\json-compressor\\src\\json-c.ts","statementMap":{"0":{"start":{"line":5,"column":0},"end":{"line":5,"column":13}},"1":{"start":{"line":40,"column":16},"end":{"line":40,"column":45}},"2":{"start":{"line":34,"column":12},"end":{"line":34,"column":74}},"3":{"start":{"line":44,"column":8},"end":{"line":48,"column":null}},"4":{"start":{"line":45,"column":12},"end":{"line":45,"column":36}},"5":{"start":{"line":47,"column":12},"end":{"line":47,"column":43}},"6":{"start":{"line":12,"column":18},"end":{"line":14,"column":null}},"7":{"start":{"line":13,"column":8},"end":{"line":13,"column":60}},"8":{"start":{"line":27,"column":18},"end":{"line":32,"column":null}},"9":{"start":{"line":28,"column":8},"end":{"line":31,"column":22}},"10":{"start":{"line":51,"column":4},"end":{"line":53,"column":null}},"11":{"start":{"line":52,"column":8},"end":{"line":52,"column":57}},"12":{"start":{"line":58,"column":4},"end":{"line":68,"column":null}},"13":{"start":{"line":59,"column":8},"end":{"line":61,"column":null}},"14":{"start":{"line":60,"column":12},"end":{"line":60,"column":26}},"15":{"start":{"line":64,"column":21},"end":{"line":64,"column":38}},"16":{"start":{"line":67,"column":8},"end":{"line":67,"column":34}},"17":{"start":{"line":73,"column":4},"end":{"line":84,"column":null}},"18":{"start":{"line":75,"column":21},"end":{"line":75,"column":38}},"19":{"start":{"line":76,"column":8},"end":{"line":76,"column":34}},"20":{"start":{"line":79,"column":8},"end":{"line":83,"column":null}},"21":{"start":{"line":80,"column":12},"end":{"line":80,"column":39}},"22":{"start":{"line":82,"column":12},"end":{"line":82,"column":69}},"23":{"start":{"line":89,"column":4},"end":{"line":94,"column":null}},"24":{"start":{"line":90,"column":8},"end":{"line":92,"column":null}},"25":{"start":{"line":91,"column":12},"end":{"line":91,"column":39}},"26":{"start":{"line":93,"column":8},"end":{"line":93,"column":48}},"27":{"start":{"line":99,"column":4},"end":{"line":116,"column":null}},"28":{"start":{"line":99,"column":4},"end":{"line":99,"column":20}},"29":{"start":{"line":100,"column":18},"end":{"line":103,"column":45}},"30":{"start":{"line":105,"column":8},"end":{"line":110,"column":11}},"31":{"start":{"line":106,"column":12},"end":{"line":109,"column":null}},"32":{"start":{"line":108,"column":16},"end":{"line":108,"column":75}},"33":{"start":{"line":112,"column":8},"end":{"line":115,"column":null}},"34":{"start":{"line":122,"column":12},"end":{"line":124,"column":null}},"35":{"start":{"line":123,"column":8},"end":{"line":123,"column":118}},"36":{"start":{"line":129,"column":12},"end":{"line":136,"column":null}},"37":{"start":{"line":130,"column":19},"end":{"line":130,"column":37}},"38":{"start":{"line":131,"column":8},"end":{"line":134,"column":null}},"39":{"start":{"line":132,"column":12},"end":{"line":132,"column":37}},"40":{"start":{"line":133,"column":12},"end":{"line":133,"column":33}},"41":{"start":{"line":135,"column":8},"end":{"line":135,"column":20}},"42":{"start":{"line":138,"column":12},"end":{"line":161,"column":null}},"43":{"start":{"line":140,"column":27},"end":{"line":140,"column":44}},"44":{"start":{"line":141,"column":28},"end":{"line":141,"column":45}},"45":{"start":{"line":144,"column":8},"end":{"line":146,"column":null}},"46":{"start":{"line":145,"column":12},"end":{"line":145,"column":51}},"47":{"start":{"line":151,"column":8},"end":{"line":158,"column":null}},"48":{"start":{"line":151,"column":19},"end":{"line":151,"column":20}},"49":{"start":{"line":152,"column":25},"end":{"line":152,"column":52}},"50":{"start":{"line":153,"column":12},"end":{"line":157,"column":null}},"51":{"start":{"line":154,"column":31},"end":{"line":155,"column":84}},"52":{"start":{"line":156,"column":16},"end":{"line":156,"column":30}},"53":{"start":{"line":160,"column":8},"end":{"line":160,"column":110}},"54":{"start":{"line":168,"column":12},"end":{"line":179,"column":null}},"55":{"start":{"line":168,"column":4},"end":{"line":168,"column":12}},"56":{"start":{"line":169,"column":8},"end":{"line":178,"column":11}},"57":{"start":{"line":170,"column":26},"end":{"line":170,"column":34}},"58":{"start":{"line":171,"column":12},"end":{"line":177,"column":null}},"59":{"start":{"line":172,"column":16},"end":{"line":172,"column":37}},"60":{"start":{"line":174,"column":33},"end":{"line":174,"column":68}},"61":{"start":{"line":175,"column":29},"end":{"line":175,"column":46}},"62":{"start":{"line":176,"column":16},"end":{"line":176,"column":46}},"63":{"start":{"line":184,"column":12},"end":{"line":194,"column":null}},"64":{"start":{"line":184,"column":4},"end":{"line":184,"column":12}},"65":{"start":{"line":185,"column":8},"end":{"line":193,"column":11}},"66":{"start":{"line":186,"column":26},"end":{"line":186,"column":35}},"67":{"start":{"line":187,"column":12},"end":{"line":192,"column":null}},"68":{"start":{"line":188,"column":16},"end":{"line":188,"column":43}},"69":{"start":{"line":190,"column":33},"end":{"line":190,"column":69}},"70":{"start":{"line":191,"column":16},"end":{"line":191,"column":46}},"71":{"start":{"line":195,"column":0},"end":{"line":195,"column":null}},"72":{"start":{"line":5,"column":13},"end":{"line":5,"column":18}}},"fnMap":{"0":{"name":"(anonymous_3)","decl":{"start":{"line":5,"column":0},"end":{"line":5,"column":13}},"loc":{"start":{"line":5,"column":0},"end":{"line":195,"column":null}}},"1":{"name":"JsonC","decl":{"start":{"line":39,"column":4},"end":{"line":39,"column":null}},"loc":{"start":{"line":42,"column":24},"end":{"line":49,"column":5}}},"2":{"name":"(anonymous_5)","decl":{"start":{"line":12,"column":4},"end":{"line":12,"column":18}},"loc":{"start":{"line":12,"column":60},"end":{"line":14,"column":5}}},"3":{"name":"(anonymous_6)","decl":{"start":{"line":27,"column":4},"end":{"line":27,"column":18}},"loc":{"start":{"line":27,"column":4},"end":{"line":32,"column":5}}},"4":{"name":"(anonymous_7)","decl":{"start":{"line":51,"column":4},"end":{"line":51,"column":10}},"loc":{"start":{"line":51,"column":31},"end":{"line":53,"column":5}}},"5":{"name":"(anonymous_8)","decl":{"start":{"line":58,"column":4},"end":{"line":58,"column":7}},"loc":{"start":{"line":58,"column":28},"end":{"line":68,"column":5}}},"6":{"name":"(anonymous_9)","decl":{"start":{"line":73,"column":4},"end":{"line":73,"column":7}},"loc":{"start":{"line":73,"column":63},"end":{"line":84,"column":5}}},"7":{"name":"(anonymous_10)","decl":{"start":{"line":89,"column":4},"end":{"line":89,"column":16}},"loc":{"start":{"line":89,"column":4},"end":{"line":94,"column":5}}},"8":{"name":"(anonymous_11)","decl":{"start":{"line":99,"column":4},"end":{"line":99,"column":20}},"loc":{"start":{"line":99,"column":4},"end":{"line":116,"column":5}}},"9":{"name":"(anonymous_12)","decl":{"start":{"line":105,"column":31},"end":{"line":105,"column":32}},"loc":{"start":{"line":105,"column":40},"end":{"line":110,"column":9}}},"10":{"name":"(anonymous_13)","decl":{"start":{"line":122,"column":4},"end":{"line":122,"column":12}},"loc":{"start":{"line":122,"column":42},"end":{"line":124,"column":5}}},"11":{"name":"(anonymous_14)","decl":{"start":{"line":129,"column":4},"end":{"line":129,"column":12}},"loc":{"start":{"line":129,"column":40},"end":{"line":136,"column":5}}},"12":{"name":"(anonymous_15)","decl":{"start":{"line":138,"column":4},"end":{"line":138,"column":12}},"loc":{"start":{"line":138,"column":4},"end":{"line":161,"column":5}}},"13":{"name":"(anonymous_16)","decl":{"start":{"line":168,"column":4},"end":{"line":168,"column":12}},"loc":{"start":{"line":168,"column":43},"end":{"line":179,"column":5}}},"14":{"name":"(anonymous_17)","decl":{"start":{"line":169,"column":33},"end":{"line":169,"column":34}},"loc":{"start":{"line":169,"column":42},"end":{"line":178,"column":9}}},"15":{"name":"(anonymous_18)","decl":{"start":{"line":184,"column":4},"end":{"line":184,"column":12}},"loc":{"start":{"line":184,"column":50},"end":{"line":194,"column":5}}},"16":{"name":"(anonymous_19)","decl":{"start":{"line":185,"column":33},"end":{"line":185,"column":34}},"loc":{"start":{"line":185,"column":43},"end":{"line":193,"column":9}}}},"branchMap":{"0":{"loc":{"start":{"line":44,"column":8},"end":{"line":48,"column":null}},"type":"if","locations":[{"start":{"line":44,"column":8},"end":{"line":48,"column":null}},{"start":{"line":46,"column":15},"end":{"line":48,"column":null}}]},"1":{"loc":{"start":{"line":59,"column":8},"end":{"line":61,"column":null}},"type":"if","locations":[{"start":{"line":59,"column":8},"end":{"line":61,"column":null}}]},"2":{"loc":{"start":{"line":79,"column":8},"end":{"line":83,"column":null}},"type":"if","locations":[{"start":{"line":79,"column":8},"end":{"line":83,"column":null}},{"start":{"line":81,"column":15},"end":{"line":83,"column":null}}]},"3":{"loc":{"start":{"line":90,"column":8},"end":{"line":92,"column":null}},"type":"if","locations":[{"start":{"line":90,"column":8},"end":{"line":92,"column":null}}]},"4":{"loc":{"start":{"line":100,"column":18},"end":{"line":103,"column":45}},"type":"cond-expr","locations":[{"start":{"line":102,"column":14},"end":{"line":102,"column":56}},{"start":{"line":103,"column":14},"end":{"line":103,"column":45}}]},"5":{"loc":{"start":{"line":106,"column":12},"end":{"line":109,"column":null}},"type":"if","locations":[{"start":{"line":106,"column":12},"end":{"line":109,"column":null}}]},"6":{"loc":{"start":{"line":123,"column":15},"end":{"line":123,"column":117}},"type":"binary-expr","locations":[{"start":{"line":123,"column":15},"end":{"line":123,"column":29}},{"start":{"line":123,"column":33},"end":{"line":123,"column":58}},{"start":{"line":123,"column":62},"end":{"line":123,"column":88}},{"start":{"line":123,"column":92},"end":{"line":123,"column":117}}]},"7":{"loc":{"start":{"line":131,"column":8},"end":{"line":134,"column":null}},"type":"if","locations":[{"start":{"line":131,"column":8},"end":{"line":134,"column":null}}]},"8":{"loc":{"start":{"line":144,"column":8},"end":{"line":146,"column":null}},"type":"if","locations":[{"start":{"line":144,"column":8},"end":{"line":146,"column":null}}]},"9":{"loc":{"start":{"line":153,"column":12},"end":{"line":157,"column":null}},"type":"if","locations":[{"start":{"line":153,"column":12},"end":{"line":157,"column":null}}]},"10":{"loc":{"start":{"line":171,"column":12},"end":{"line":177,"column":null}},"type":"if","locations":[{"start":{"line":171,"column":12},"end":{"line":177,"column":null}},{"start":{"line":173,"column":19},"end":{"line":177,"column":null}}]},"11":{"loc":{"start":{"line":187,"column":12},"end":{"line":192,"column":null}},"type":"if","locations":[{"start":{"line":187,"column":12},"end":{"line":192,"column":null}},{"start":{"line":189,"column":19},"end":{"line":192,"column":null}}]}},"s":{"0":1,"1":14,"2":14,"3":14,"4":4,"5":10,"6":1,"7":1,"8":1,"9":9,"10":1,"11":1022,"12":1,"13":1022,"14":1,"15":1021,"16":1021,"17":1,"18":1019,"19":1019,"20":1019,"21":1015,"22":4,"23":1,"24":7,"25":0,"26":7,"27":1,"28":0,"29":0,"30":0,"31":0,"32":0,"33":0,"34":1,"35":1027,"36":1,"37":2040,"38":2040,"39":1016,"40":1016,"41":2040,"42":1,"43":1016,"44":1016,"45":1016,"46":8,"47":1008,"48":1008,"49":1954,"50":1954,"51":1004,"52":1004,"53":4,"54":1,"55":4,"56":4,"57":4,"58":4,"59":4,"60":0,"61":0,"62":0,"63":1,"64":10,"65":10,"66":4,"67":4,"68":4,"69":0,"70":0,"71":1,"72":1},"f":{"0":1,"1":14,"2":1,"3":9,"4":1022,"5":1022,"6":1019,"7":7,"8":0,"9":0,"10":1027,"11":2040,"12":1016,"13":4,"14":4,"15":10,"16":4},"b":{"0":[4,10],"1":[1],"2":[1015,4],"3":[0],"4":[0,0],"5":[0],"6":[1027,1027,1027,1008],"7":[1016],"8":[8],"9":[1004],"10":[4,0],"11":[4,0]}}
}
