TN:
SF:src\json-c.ts
FN:5,(anonymous_3)
FN:39,JsonC
FN:12,(anonymous_5)
FN:27,(anonymous_6)
FN:51,(anonymous_7)
FN:58,(anonymous_8)
FN:73,(anonymous_9)
FN:89,(anonymous_10)
FN:99,(anonymous_11)
FN:105,(anonymous_12)
FN:122,(anonymous_13)
FN:129,(anonymous_14)
FN:138,(anonymous_15)
FN:168,(anonymous_16)
FN:169,(anonymous_17)
FN:184,(anonymous_18)
FN:185,(anonymous_19)
FNF:17
FNH:15
FNDA:1,(anonymous_3)
FNDA:14,JsonC
FNDA:1,(anonymous_5)
FNDA:9,(anonymous_6)
FNDA:1022,(anonymous_7)
FNDA:1022,(anonymous_8)
FNDA:1019,(anonymous_9)
FNDA:7,(anonymous_10)
FNDA:0,(anonymous_11)
FNDA:0,(anonymous_12)
FNDA:1027,(anonymous_13)
FNDA:2040,(anonymous_14)
FNDA:1016,(anonymous_15)
FNDA:4,(anonymous_16)
FNDA:4,(anonymous_17)
FNDA:10,(anonymous_18)
FNDA:4,(anonymous_19)
DA:5,1
DA:12,1
DA:13,1
DA:27,1
DA:28,9
DA:34,14
DA:40,14
DA:44,14
DA:45,4
DA:47,10
DA:51,1
DA:52,1022
DA:58,1
DA:59,1022
DA:60,1
DA:64,1021
DA:67,1021
DA:73,1
DA:75,1019
DA:76,1019
DA:79,1019
DA:80,1015
DA:82,4
DA:89,1
DA:90,7
DA:91,0
DA:93,7
DA:99,1
DA:100,0
DA:105,0
DA:106,0
DA:108,0
DA:112,0
DA:122,1
DA:123,1027
DA:129,1
DA:130,2040
DA:131,2040
DA:132,1016
DA:133,1016
DA:135,2040
DA:138,1
DA:140,1016
DA:141,1016
DA:144,1016
DA:145,8
DA:151,1008
DA:152,1954
DA:153,1954
DA:154,1004
DA:156,1004
DA:160,4
DA:168,4
DA:169,4
DA:170,4
DA:171,4
DA:172,4
DA:174,0
DA:175,0
DA:176,0
DA:184,10
DA:185,10
DA:186,4
DA:187,4
DA:188,4
DA:190,0
DA:191,0
DA:195,1
LF:68
LH:57
BRDA:44,0,0,4
BRDA:44,0,1,10
BRDA:59,1,0,1
BRDA:79,2,0,1015
BRDA:79,2,1,4
BRDA:90,3,0,0
BRDA:100,4,0,0
BRDA:100,4,1,0
BRDA:106,5,0,0
BRDA:123,6,0,1027
BRDA:123,6,1,1027
BRDA:123,6,2,1027
BRDA:123,6,3,1008
BRDA:131,7,0,1016
BRDA:144,8,0,8
BRDA:153,9,0,1004
BRDA:171,10,0,4
BRDA:171,10,1,0
BRDA:187,11,0,4
BRDA:187,11,1,0
BRF:20
BRH:14
end_of_record
